# JRE version: Java(TM) SE Runtime Environment (21.0.2+13) (build 21.0.2+13-LTS-58)
# Java VM: Java HotSpot(TM) 64-Bit Server VM (21.0.2+13-LTS-58, mixed mode, sharing, tiered, compressed oops, compressed class ptrs, g1 gc, windows-amd64)
GC Precious Log:
 CardTable entry size: 512
 Card Set container configuration: InlinePtr #cards 5 size 8 Array Of Cards #cards 12 size 40 Howl #buckets 4 coarsen threshold 1843 Howl Bitmap #cards 512 size 80 coarsen threshold 460 Card regions per heap region 1 cards per card region 2048
 CPUs: 12 total, 12 available
 Memory: 6005M
 Large Page Support: Disabled
 NUMA Support: Disabled
 Compressed Oops: Enabled (32-bit)
 Heap Region Size: 1M
 Heap Min Capacity: 8M
 Heap Initial Capacity: 94M
 Heap Max Capacity: 1502M
 Pre-touch: Disabled
 Parallel Workers: 10
 Concurrent Workers: 3
 Concurrent Refinement Workers: 10
 Periodic GC: Disabled
Heap:
 garbage-first heap   total 67584K, used 23645K [0x00000000a2200000, 0x0000000100000000)
  region size 1024K, 1 young (1024K), 0 survivors (0K)
 Metaspace       used 54530K, committed 55488K, reserved 1114112K
  class space    used 7438K, committed 7872K, reserved 1048576K
GC Heap History (20 events):
Event: 25.715 GC heap before
{Heap before GC invocations=7 (full 0):
 garbage-first heap   total 67584K, used 44032K [0x00000000a2200000, 0x0000000100000000)
  region size 1024K, 29 young (29696K), 5 survivors (5120K)
 Metaspace       used 35493K, committed 35968K, reserved 1114112K
  class space    used 4640K, committed 4864K, reserved 1048576K
}
Event: 25.726 GC heap after
{Heap after GC invocations=8 (full 0):
 garbage-first heap   total 67584K, used 22385K [0x00000000a2200000, 0x0000000100000000)
  region size 1024K, 3 young (3072K), 3 survivors (3072K)
 Metaspace       used 35493K, committed 35968K, reserved 1114112K
  class space    used 4640K, committed 4864K, reserved 1048576K
}
Event: 29.413 GC heap before
{Heap before GC invocations=9 (full 0):
 garbage-first heap   total 67584K, used 56177K [0x00000000a2200000, 0x0000000100000000)
  region size 1024K, 36 young (36864K), 3 survivors (3072K)
 Metaspace       used 40230K, committed 40768K, reserved 1114112K
  class space    used 5312K, committed 5568K, reserved 1048576K
}
Event: 29.421 GC heap after
{Heap after GC invocations=10 (full 0):
 garbage-first heap   total 67584K, used 25296K [0x00000000a2200000, 0x0000000100000000)
  region size 1024K, 5 young (5120K), 5 survivors (5120K)
 Metaspace       used 40230K, committed 40768K, reserved 1114112K
  class space    used 5312K, committed 5568K, reserved 1048576K
}
Event: 32.043 GC heap before
{Heap before GC invocations=10 (full 0):
 garbage-first heap   total 67584K, used 58064K [0x00000000a2200000, 0x0000000100000000)
  region size 1024K, 37 young (37888K), 5 survivors (5120K)
 Metaspace       used 43099K, committed 43648K, reserved 1114112K
  class space    used 5765K, committed 6016K, reserved 1048576K
}
Event: 32.058 GC heap after
{Heap after GC invocations=11 (full 0):
 garbage-first heap   total 67584K, used 28187K [0x00000000a2200000, 0x0000000100000000)
  region size 1024K, 4 young (4096K), 4 survivors (4096K)
 Metaspace       used 43099K, committed 43648K, reserved 1114112K
  class space    used 5765K, committed 6016K, reserved 1048576K
}
Event: 37.468 GC heap before
{Heap before GC invocations=11 (full 0):
 garbage-first heap   total 67584K, used 57883K [0x00000000a2200000, 0x0000000100000000)
  region size 1024K, 33 young (33792K), 4 survivors (4096K)
 Metaspace       used 46874K, committed 47552K, reserved 1114112K
  class space    used 6340K, committed 6656K, reserved 1048576K
}
Event: 37.479 GC heap after
{Heap after GC invocations=12 (full 0):
 garbage-first heap   total 67584K, used 30746K [0x00000000a2200000, 0x0000000100000000)
  region size 1024K, 4 young (4096K), 4 survivors (4096K)
 Metaspace       used 46874K, committed 47552K, reserved 1114112K
  class space    used 6340K, committed 6656K, reserved 1048576K
}
Event: 71.318 GC heap before
{Heap before GC invocations=12 (full 0):
 garbage-first heap   total 67584K, used 57370K [0x00000000a2200000, 0x0000000100000000)
  region size 1024K, 31 young (31744K), 4 survivors (4096K)
 Metaspace       used 52832K, committed 53632K, reserved 1114112K
  class space    used 7267K, committed 7616K, reserved 1048576K
}
Event: 71.332 GC heap after
{Heap after GC invocations=13 (full 0):
 garbage-first heap   total 67584K, used 33599K [0x00000000a2200000, 0x0000000100000000)
  region size 1024K, 3 young (3072K), 3 survivors (3072K)
 Metaspace       used 52832K, committed 53632K, reserved 1114112K
  class space    used 7267K, committed 7616K, reserved 1048576K
}
Event: 357.601 GC heap before
{Heap before GC invocations=13 (full 0):
 garbage-first heap   total 67584K, used 58175K [0x00000000a2200000, 0x0000000100000000)
  region size 1024K, 28 young (28672K), 3 survivors (3072K)
 Metaspace       used 54614K, committed 55424K, reserved 1114112K
  class space    used 7490K, committed 7872K, reserved 1048576K
}
Event: 357.724 GC heap after
{Heap after GC invocations=14 (full 0):
 garbage-first heap   total 67584K, used 35636K [0x00000000a2200000, 0x0000000100000000)
  region size 1024K, 3 young (3072K), 3 survivors (3072K)
 Metaspace       used 54614K, committed 55424K, reserved 1114112K
  class space    used 7490K, committed 7872K, reserved 1048576K
}
Event: 830.743 GC heap before
{Heap before GC invocations=15 (full 0):
 garbage-first heap   total 67584K, used 59188K [0x00000000a2200000, 0x0000000100000000)
  region size 1024K, 26 young (26624K), 3 survivors (3072K)
 Metaspace       used 54618K, committed 55424K, reserved 1114112K
  class space    used 7490K, committed 7872K, reserved 1048576K
}
Event: 830.940 GC heap after
{Heap after GC invocations=16 (full 0):
 garbage-first heap   total 67584K, used 36220K [0x00000000a2200000, 0x0000000100000000)
  region size 1024K, 1 young (1024K), 1 survivors (1024K)
 Metaspace       used 54618K, committed 55424K, reserved 1114112K
  class space    used 7490K, committed 7872K, reserved 1048576K
}
Event: 1329.498 GC heap before
{Heap before GC invocations=16 (full 0):
 garbage-first heap   total 67584K, used 60796K [0x00000000a2200000, 0x0000000100000000)
  region size 1024K, 25 young (25600K), 1 survivors (1024K)
 Metaspace       used 54628K, committed 55424K, reserved 1114112K
  class space    used 7490K, committed 7872K, reserved 1048576K
}
Event: 1329.631 GC heap after
{Heap after GC invocations=17 (full 0):
 garbage-first heap   total 67584K, used 35715K [0x00000000a2200000, 0x0000000100000000)
  region size 1024K, 1 young (1024K), 1 survivors (1024K)
 Metaspace       used 54628K, committed 55424K, reserved 1114112K
  class space    used 7490K, committed 7872K, reserved 1048576K
}
Event: 1892.719 GC heap before
{Heap before GC invocations=17 (full 0):
 garbage-first heap   total 67584K, used 61315K [0x00000000a2200000, 0x0000000100000000)
  region size 1024K, 26 young (26624K), 1 survivors (1024K)
 Metaspace       used 54632K, committed 55424K, reserved 1114112K
  class space    used 7491K, committed 7872K, reserved 1048576K
}
Event: 1893.424 GC heap after
{Heap after GC invocations=18 (full 0):
 garbage-first heap   total 67584K, used 35640K [0x00000000a2200000, 0x0000000100000000)
  region size 1024K, 1 young (1024K), 1 survivors (1024K)
 Metaspace       used 54632K, committed 55424K, reserved 1114112K
  class space    used 7491K, committed 7872K, reserved 1048576K
}
Event: 2356.815 GC heap before
{Heap before GC invocations=19 (full 0):
 garbage-first heap   total 67584K, used 58168K [0x00000000a2200000, 0x0000000100000000)
  region size 1024K, 24 young (24576K), 1 survivors (1024K)
 Metaspace       used 54460K, committed 55424K, reserved 1114112K
  class space    used 7437K, committed 7872K, reserved 1048576K
}
Event: 2358.749 GC heap after
{Heap after GC invocations=20 (full 1):
 garbage-first heap   total 67584K, used 23645K [0x00000000a2200000, 0x0000000100000000)
  region size 1024K, 0 young (0K), 0 survivors (0K)
 Metaspace       used 54457K, committed 55424K, reserved 1114112K
  class space    used 7436K, committed 7872K, reserved 1048576K
}

